<?xml version="1.0" encoding="UTF-8"?>
<testng-results skipped="0" failed="0" ignored="0" total="2" passed="2">
  <reporter-output>
  </reporter-output>
  <suite name="Main Test Suite" duration-ms="41092" started-at="2018-03-18T06:29:55Z" finished-at="2018-03-18T06:30:36Z">
    <groups>
    </groups>
    <test name="Grid firefox Test" duration-ms="23988" started-at="2018-03-18T06:29:55Z" finished-at="2018-03-18T06:30:19Z">
      <class name="ParallelTests">
        <test-method status="PASS" signature="TestLaunch(java.lang.String)[pri:0, instance:ParallelTests@650e52]" name="TestLaunch" duration-ms="23950" started-at="2018-03-18T11:59:55Z" finished-at="2018-03-18T12:00:19Z">
          <params>
            <param index="0">
              <value>
                <![CDATA[firefox]]>
              </value>
            </param>
          </params>
          <reporter-output>
          </reporter-output>
        </test-method> <!-- TestLaunch -->
      </class> <!-- ParallelTests -->
    </test> <!-- Grid firefox Test -->
    <test name="Grid chrome Test" duration-ms="17065" started-at="2018-03-18T06:30:19Z" finished-at="2018-03-18T06:30:36Z">
      <class name="ParallelTests">
        <test-method status="PASS" signature="TestLaunch(java.lang.String)[pri:0, instance:ParallelTests@1d8db5a]" name="TestLaunch" duration-ms="17058" started-at="2018-03-18T12:00:19Z" finished-at="2018-03-18T12:00:36Z">
          <params>
            <param index="0">
              <value>
                <![CDATA[chrome]]>
              </value>
            </param>
          </params>
          <reporter-output>
          </reporter-output>
        </test-method> <!-- TestLaunch -->
      </class> <!-- ParallelTests -->
    </test> <!-- Grid chrome Test -->
  </suite> <!-- Main Test Suite -->
</testng-results>
